# Contributor: Aiden Grossman <agrossman154@yahoo.com>
# Maintainer: Celeste <cielesti@protonmail.com>
maintainer="Celeste <cielesti@protonmail.com>"
pkgname=py3-elementpath
pkgver=4.6.0
pkgrel=0
pkgdesc="XPath 1.0/2.0 parsers and selectors for ElementTree and lxml"
url="https://github.com/sissaschool/elementpath"
arch="noarch"
license="MIT"
makedepends="py3-gpep517 py3-setuptools py3-wheel"
checkdepends="py3-pytest py3-lxml"
subpackages="$pkgname-pyc"
source="$pkgname-$pkgver.tar.gz::https://github.com/sissaschool/elementpath/archive/refs/tags/v$pkgver.tar.gz"
builddir="$srcdir/elementpath-$pkgver"

build() {
	gpep517 build-wheel \
		--wheel-dir .dist \
		--output-fd 3 3>&1 >&2
}

check() {
	python3 -m venv --clear --without-pip --system-site-packages .testenv
	.testenv/bin/python3 -m installer .dist/*.whl
	# first: AssertionError: ElementPathError not raised
	# rest: AssertionError: First sequence is not a list: -1
	.testenv/bin/python3 -m pytest \
		--deselect tests/test_collations.py::CollationsTest::test_context_activation \
		--deselect tests/test_xpath2_functions.py::XPath2FunctionsTest::test_compare_function \
		--deselect tests/test_xpath2_functions.py::LxmlXPath2FunctionsTest::test_compare_function \
		--deselect tests/test_xpath30.py::XPath30FunctionsTest::test_compare_function \
		--deselect tests/test_xpath30.py::LxmlXPath30FunctionsTest::test_compare_function \
		--deselect tests/test_xpath31.py::XPath31FunctionsTest::test_compare_function \
		--deselect tests/test_xpath31.py::LxmlXPath31FunctionsTest::test_compare_function
}

package() {
	python3 -m installer -d "$pkgdir" \
		.dist/*.whl
}

sha512sums="
7b0fc25ac3958f336beaab80525fc5b3c3d3e623be9b872c66bde03516454d2f26bfec5488d9cecbc12074d0cd6642e71f192d06b3f7e6f0e479b5ad3b1162d1  py3-elementpath-4.6.0.tar.gz
"
